生成启动时间为 2016/3/16 17:00:49。
     1>项目“D:\x86project\HTTPClient\Win32\HTTPClient.vcxproj”在节点 2 上(Build 个目标)。
     1>ClCompile:
         D:\Program Files (x86)\Microsoft Visual Studio 12.0\VC\bin\CL.exe /c /Zi /nologo /W3 /WX- /O2 /Ob1 /Oy- /D WIN32 /D NDEBUG /D _CONSOLE /D _MBCS /GF /Gm- /EHsc /MT /GS /Gy /fp:precise /Zc:wchar_t /Zc:forScope /Fo"..\Release/" /Fd"..\Release/vc120.pdb" /Gd /TC /analyze- /errorReport:prompt ..\API\HTTPClient.c ..\API\HTTPClientAuth.c ..\API\HTTPClientString.c ..\API\HTTPClientWrapper.c ..\HTTPClientSample.c
         HTTPClient.c
         HTTPClientAuth.c
         HTTPClientString.c
         HTTPClientWrapper.c
         HTTPClientSample.c
         正在生成代码...
       Link:
         D:\Program Files (x86)\Microsoft Visual Studio 12.0\VC\bin\link.exe /ERRORREPORT:PROMPT /OUT:"..\Release/HTTPClient.exe" /INCREMENTAL:NO /NOLOGO ws2_32.lib odbc32.lib odbccp32.lib kernel32.lib user32.lib gdi32.lib winspool.lib comdlg32.lib advapi32.lib shell32.lib ole32.lib oleaut32.lib uuid.lib odbc32.lib odbccp32.lib /MANIFEST /MANIFESTUAC:"level='asInvoker' uiAccess='false'" /manifest:embed /PDB:"..\Release/HTTPClient.pdb" /SUBSYSTEM:CONSOLE /TLBID:1 /DYNAMICBASE /NXCOMPAT /IMPLIB:"..\Release\HTTPClient.lib" /MACHINE:X86 /SAFESEH ..\Release/HTTPClient.obj
         ..\Release/HTTPClientAuth.obj
         ..\Release/HTTPClientString.obj
         ..\Release/HTTPClientWrapper.obj
         ..\Release/HTTPClientSample.obj
         HTTPClient.vcxproj -> D:\x86project\HTTPClient\Win32\..\Release\HTTPClient.exe
     1>已完成生成项目“D:\x86project\HTTPClient\Win32\HTTPClient.vcxproj”(Build 个目标)的操作。

生成成功。

已用时间 00:00:07.31
